0 info it worked if it ends with ok
1 verbose cli [ '/usr/local/bin/node', '/usr/local/bin/npm', 'start' ]
2 info using npm@4.1.2
3 info using node@v7.0.0
4 verbose run-script [ 'prestart', 'start', 'poststart' ]
5 info lifecycle @~prestart: @
6 silly lifecycle @~prestart: no script for prestart, continuing
7 info lifecycle @~start: @
8 verbose lifecycle @~start: unsafe-perm in lifecycle true
9 verbose lifecycle @~start: PATH: /usr/local/lib/node_modules/npm/bin/node-gyp-bin:/Users/critter/Dropbox/ucb/vto/beam-all/beam-viz/deckGL/node_modules/.bin:/usr/local/Cellar/ruby/2.0.0-p0/bin:/usr/local/Cellar/ruby/1.9.2-p0/bin:/usr/local/texlive/2013basic/bin/x86_64-darwin:/Users/critter/anaconda/bin:/usr/local/bin:/usr/local/sbin:/usr/local/bin:/usr/bin:/bin:/usr/sbin:/sbin:/opt/X11/bin:/usr/texbin:/Users/critter/Dropbox/serc/pev-colin/pevi/bin:/usr/local/ec2/ec2-api-tools-1.7.5.1/bin:/Users/critter/Dropbox/abc/ternPOP/ternpop/bin:/Users/critter/Dropbox/bin:/Users/critter/Dropbox/bin/osm:/Users/critter/Dropbox/ucb/ucb_smartcities_all/sandbox/colinsheppard/src/main/R/bin:/Users/critter/Dropbox/ucb/ucb_smartcities_all/sandbox/colinsheppard/src/main/bash/bin:/Users/critter/.cabal/bin
10 verbose lifecycle @~start: CWD: /Users/critter/Dropbox/ucb/vto/beam-all/beam-viz/deckGL
11 silly lifecycle @~start: Args: [ '-c',
11 silly lifecycle   'webpack-dev-server --progress --hot --host 0.0.0.0 --max-old-space-size=300' ]
12 silly lifecycle @~start: Returned: code: 1  signal: null
13 info lifecycle @~start: Failed to exec start script
14 verbose stack Error: @ start: `webpack-dev-server --progress --hot --host 0.0.0.0 --max-old-space-size=300`
14 verbose stack Exit status 1
14 verbose stack     at EventEmitter.<anonymous> (/usr/local/lib/node_modules/npm/lib/utils/lifecycle.js:279:16)
14 verbose stack     at emitTwo (events.js:106:13)
14 verbose stack     at EventEmitter.emit (events.js:191:7)
14 verbose stack     at ChildProcess.<anonymous> (/usr/local/lib/node_modules/npm/lib/utils/spawn.js:40:14)
14 verbose stack     at emitTwo (events.js:106:13)
14 verbose stack     at ChildProcess.emit (events.js:191:7)
14 verbose stack     at maybeClose (internal/child_process.js:877:16)
14 verbose stack     at Process.ChildProcess._handle.onexit (internal/child_process.js:226:5)
15 verbose pkgid @
16 verbose cwd /Users/critter/Dropbox/ucb/vto/beam-all/beam-viz/deckGL
17 error Darwin 15.6.0
18 error argv "/usr/local/bin/node" "/usr/local/bin/npm" "start"
19 error node v7.0.0
20 error npm  v4.1.2
21 error code ELIFECYCLE
22 error @ start: `webpack-dev-server --progress --hot --host 0.0.0.0 --max-old-space-size=300`
22 error Exit status 1
23 error Failed at the @ start script 'webpack-dev-server --progress --hot --host 0.0.0.0 --max-old-space-size=300'.
23 error Make sure you have the latest version of node.js and npm installed.
23 error If you do, this is most likely a problem with the  package,
23 error not with npm itself.
23 error Tell the author that this fails on your system:
23 error     webpack-dev-server --progress --hot --host 0.0.0.0 --max-old-space-size=300
23 error You can get information on how to open an issue for this project with:
23 error     npm bugs
23 error Or if that isn't available, you can get their info via:
23 error     npm owner ls
23 error There is likely additional logging output above.
24 verbose exit [ 1, true ]
